<?xml version="1.0" encoding="UTF-8"?>
<!-- Generated by org.testng.reporters.JUnitReportReporter -->
<testsuite hostname="L-156239858" failures="0" tests="3" name="com.inetbanking.testCases.TC_LoginDDT_002" time="65.329" errors="0" timestamp="2020-11-09T13:56:30 IST" skipped="0">
  <testcase classname="com.inetbanking.testCases.TC_LoginDDT_002" name="loginDDT" time="23.609"/>
  <testcase classname="com.inetbanking.testCases.TC_LoginDDT_002" name="loginDDT" time="14.073"/>
  <testcase classname="com.inetbanking.testCases.TC_LoginDDT_002" name="loginDDT" time="27.647"/>
</testsuite> <!-- com.inetbanking.testCases.TC_LoginDDT_002 -->
