<?xml version="1.0" encoding="UTF-8"?>
<!-- Generated by org.testng.reporters.JUnitReportReporter -->
<testsuite hostname="L-156239858" failures="0" tests="1" name="extent_repo.ExtentReportDemo" time="0.382" errors="0" timestamp="2020-11-07T23:54:50 IST" skipped="0">
  <testcase classname="extent_repo.ExtentReportDemo" name="logintest" time="0.382"/>
</testsuite> <!-- extent_repo.ExtentReportDemo -->
