<?xml version="1.0" encoding="UTF-8"?>
<!-- Generated by org.testng.reporters.JUnitReportReporter -->
<testsuite hostname="L-156239858" failures="0" tests="1" name="com.inetbanking.testCases.TC_LoginTest_001" time="41.058" errors="0" timestamp="2020-11-10T15:27:08 IST" skipped="0">
  <testcase classname="com.inetbanking.testCases.TC_LoginTest_001" name="loginTest" time="41.058"/>
</testsuite> <!-- com.inetbanking.testCases.TC_LoginTest_001 -->
